[0m15:13:12.832550 [debug] [MainThread]: Sending event: {'category': 'dbt', 'action': 'invocation', 'label': 'start', 'context': [<snowplow_tracker.self_describing_json.SelfDescribingJson object at 0x0000020C5FD8C2C0>, <snowplow_tracker.self_describing_json.SelfDescribingJson object at 0x0000020C5FD8E180>, <snowplow_tracker.self_describing_json.SelfDescribingJson object at 0x0000020C5FD8C230>]}


============================== 15:13:12.840577 | 3053b1df-1bb9-46d5-90d1-c71226796693 ==============================
[0m15:13:12.840577 [info ] [MainThread]: Running with dbt=1.11.6
[0m15:13:12.840577 [debug] [MainThread]: running dbt with arguments {'static_parser': 'True', 'no_print': 'None', 'version_check': 'True', 'target_path': 'None', 'warn_error_options': 'WarnErrorOptionsV2(error=[], warn=[], silence=[])', 'printer_width': '80', 'write_json': 'True', 'empty': 'None', 'log_cache_events': 'False', 'introspect': 'True', 'cache_selected_only': 'False', 'log_format': 'default', 'debug': 'False', 'fail_fast': 'False', 'partial_parse': 'True', 'send_anonymous_usage_stats': 'True', 'quiet': 'False', 'warn_error': 'None', 'profiles_dir': 'C:\\Users\\Santosh\\.dbt', 'invocation_command': 'dbt init retail_analytics', 'indirect_selection': 'eager', 'use_colors': 'True', 'use_experimental_parser': 'False', 'log_path': 'logs'}
[0m15:13:12.879276 [debug] [MainThread]: Starter project path: C:\Users\Santosh\AppData\Local\Programs\Python\Python312\Lib\site-packages\dbt\include\starter_project
[0m15:13:12.898577 [info ] [MainThread]: 
Your new dbt project "retail_analytics" was created!

For more information on how to configure the profiles.yml file,
please consult the dbt documentation here:

  https://docs.getdbt.com/docs/configure-your-profile

One more thing:

Need help? Don't hesitate to reach out to us via GitHub issues or on Slack:

  https://community.getdbt.com/

Happy modeling!

[0m15:13:12.898577 [info ] [MainThread]: Setting up your profile.
[0m15:14:24.167147 [info ] [MainThread]: Profile retail_analytics written to C:\Users\Santosh\.dbt\profiles.yml using target's profile_template.yml and your supplied values. Run 'dbt debug' to validate the connection.
[0m15:14:24.169165 [debug] [MainThread]: Command `dbt init` succeeded at 15:14:24.169165 after 71.51 seconds
[0m15:14:24.171176 [debug] [MainThread]: Sending event: {'category': 'dbt', 'action': 'invocation', 'label': 'end', 'context': [<snowplow_tracker.self_describing_json.SelfDescribingJson object at 0x0000020C5C6F9760>, <snowplow_tracker.self_describing_json.SelfDescribingJson object at 0x0000020C6209F830>, <snowplow_tracker.self_describing_json.SelfDescribingJson object at 0x0000020C62132690>]}
[0m15:14:24.171176 [debug] [MainThread]: Flushing usage events
[0m15:14:25.425343 [debug] [MainThread]: An error was encountered while trying to flush usage events
